c:\users\israel\source\repos\conditioncodes\conditioncodes\debug\conditioncodes.pch
c:\users\israel\source\repos\conditioncodes\conditioncodes\debug\vc141.pdb
c:\users\israel\source\repos\conditioncodes\conditioncodes\debug\vc141.idb
c:\users\israel\source\repos\conditioncodes\conditioncodes\debug\pch.obj
c:\users\israel\source\repos\conditioncodes\conditioncodes\debug\conditioncodes.obj
c:\users\israel\source\repos\conditioncodes\debug\conditioncodes.ilk
c:\users\israel\source\repos\conditioncodes\debug\conditioncodes.exe
c:\users\israel\source\repos\conditioncodes\debug\conditioncodes.pdb
c:\users\israel\source\repos\conditioncodes\conditioncodes\debug\conditions.obj
c:\users\israel\source\repos\conditioncodes\conditioncodes\debug\conditioncodes.tlog\cl.command.1.tlog
c:\users\israel\source\repos\conditioncodes\conditioncodes\debug\conditioncodes.tlog\cl.read.1.tlog
c:\users\israel\source\repos\conditioncodes\conditioncodes\debug\conditioncodes.tlog\cl.write.1.tlog
c:\users\israel\source\repos\conditioncodes\conditioncodes\debug\conditioncodes.tlog\link.3440-cvtres.read.1.tlog
c:\users\israel\source\repos\conditioncodes\conditioncodes\debug\conditioncodes.tlog\link.3440-cvtres.write.1.tlog
c:\users\israel\source\repos\conditioncodes\conditioncodes\debug\conditioncodes.tlog\link.3440-rc.read.1.tlog
c:\users\israel\source\repos\conditioncodes\conditioncodes\debug\conditioncodes.tlog\link.3440-rc.write.1.tlog
c:\users\israel\source\repos\conditioncodes\conditioncodes\debug\conditioncodes.tlog\link.3440.read.1.tlog
c:\users\israel\source\repos\conditioncodes\conditioncodes\debug\conditioncodes.tlog\link.3440.write.1.tlog
c:\users\israel\source\repos\conditioncodes\conditioncodes\debug\conditioncodes.tlog\link.command.1.tlog
c:\users\israel\source\repos\conditioncodes\conditioncodes\debug\conditioncodes.tlog\link.read.1.tlog
c:\users\israel\source\repos\conditioncodes\conditioncodes\debug\conditioncodes.tlog\link.write.1.tlog
c:\users\israel\source\repos\conditioncodes\conditioncodes\debug\conditioncodes.tlog\masm.read.1u.tlog
c:\users\israel\source\repos\conditioncodes\conditioncodes\debug\conditioncodes.tlog\masm.write.1u.tlog
